[DEBUG] 2016-07-13 15:58:22.602 [main] BundleFactory - Bundle for RU
[DEBUG] 2016-07-13 15:58:22.617 [main] BundleFactory - Bundle for RU
[DEBUG] 2016-07-13 15:58:22.867 [main] BundleFactory - Bundle for RU
[DEBUG] 2016-07-13 15:58:22.867 [main] BundleFactory - Bundle for RU
[DEBUG] 2016-07-13 16:01:25.673 [main] BundleFactory - Bundle for RU
[DEBUG] 2016-07-13 16:01:25.689 [main] BundleFactory - Bundle for RU
[DEBUG] 2016-07-13 16:02:23.326 [main] BundleFactory - Bundle for RU
[DEBUG] 2016-07-13 16:02:23.342 [main] BundleFactory - Bundle for RU
[DEBUG] 2016-07-13 16:05:28.938 [main] BundleFactory - Bundle for RU
[DEBUG] 2016-07-13 16:05:28.954 [main] BundleFactory - Bundle for RU
[DEBUG] 2016-07-13 16:06:40.083 [main] BundleFactory - Bundle for RU
[DEBUG] 2016-07-13 16:06:40.099 [main] BundleFactory - Bundle for RU
[DEBUG] 2016-07-13 16:07:08.291 [main] BundleFactory - Bundle for RU
[DEBUG] 2016-07-13 16:07:08.307 [main] BundleFactory - Bundle for RU
[DEBUG] 2016-07-13 16:07:46.857 [main] BundleFactory - Bundle for RU
[DEBUG] 2016-07-13 16:07:46.857 [main] BundleFactory - Bundle for RU
[DEBUG] 2016-07-13 16:07:46.950 [main] KafkaProducerNew - Metriks on Start: kafka.metricMetricName [name=incoming-byte-rate, group=producer-metrics, description=Bytes/second read off all sockets, tags={client-id=producer-1}]: NaN
kafka.metricMetricName [name=connection-count, group=producer-metrics, description=The current number of active connections., tags={client-id=producer-1}]: 0.0
kafka.metricMetricName [name=metadata-age, group=producer-metrics, description=The age in seconds of the current producer metadata being used., tags={client-id=producer-1}]: 0.015
kafka.metricMetricName [name=waiting-threads, group=producer-metrics, description=The number of user threads blocked waiting for buffer memory to enqueue their records, tags={client-id=producer-1}]: 0.0
kafka.metricMetricName [name=request-size-max, group=producer-metrics, description=The maximum size of any request sent in the window., tags={client-id=producer-1}]: -Infinity
kafka.metricMetricName [name=select-rate, group=producer-metrics, description=Number of times the I/O layer checked for new I/O to perform per second, tags={client-id=producer-1}]: NaN
kafka.metricMetricName [name=outgoing-byte-rate, group=producer-metrics, description=The average number of outgoing bytes sent per second to all servers., tags={client-id=producer-1}]: NaN
kafka.metricMetricName [name=record-error-rate, group=producer-metrics, description=The average per-second number of record sends that resulted in errors, tags={client-id=producer-1}]: NaN
kafka.metricMetricName [name=response-rate, group=producer-metrics, description=Responses received sent per second., tags={client-id=producer-1}]: NaN
kafka.metricMetricName [name=request-latency-avg, group=producer-metrics, description=The average request latency in ms, tags={client-id=producer-1}]: NaN
kafka.metricMetricName [name=record-queue-time-avg, group=producer-metrics, description=The average time in ms record batches spent in the record accumulator., tags={client-id=producer-1}]: NaN
kafka.metricMetricName [name=io-ratio, group=producer-metrics, description=The fraction of time the I/O thread spent doing I/O, tags={client-id=producer-1}]: NaN
kafka.metricMetricName [name=buffer-available-bytes, group=producer-metrics, description=The total amount of buffer memory that is not being used (either unallocated or in the free list)., tags={client-id=producer-1}]: 3.3554432E7
kafka.metricMetricName [name=io-wait-ratio, group=producer-metrics, description=The fraction of time the I/O thread spent waiting., tags={client-id=producer-1}]: NaN
kafka.metricMetricName [name=record-size-max, group=producer-metrics, description=The maximum record size, tags={client-id=producer-1}]: -Infinity
kafka.metricMetricName [name=network-io-rate, group=producer-metrics, description=The average number of network operations (reads or writes) on all connections per second., tags={client-id=producer-1}]: NaN
kafka.metricMetricName [name=record-size-avg, group=producer-metrics, description=The average record size, tags={client-id=producer-1}]: NaN
kafka.metricMetricName [name=buffer-total-bytes, group=producer-metrics, description=The maximum amount of buffer memory the client can use (whether or not it is currently used)., tags={client-id=producer-1}]: 3.3554432E7
kafka.metricMetricName [name=compression-rate-avg, group=producer-metrics, description=The average compression rate of record batches., tags={client-id=producer-1}]: NaN
kafka.metricMetricName [name=io-time-ns-avg, group=producer-metrics, description=The average length of time for I/O per select call in nanoseconds., tags={client-id=producer-1}]: NaN
kafka.metricMetricName [name=connection-close-rate, group=producer-metrics, description=Connections closed per second in the window., tags={client-id=producer-1}]: NaN
kafka.metricMetricName [name=request-rate, group=producer-metrics, description=The average number of requests sent per second., tags={client-id=producer-1}]: NaN
kafka.metricMetricName [name=connection-creation-rate, group=producer-metrics, description=New connections established per second in the window., tags={client-id=producer-1}]: NaN
kafka.metricMetricName [name=bufferpool-wait-ratio, group=producer-metrics, description=The fraction of time an appender waits for space allocation., tags={client-id=producer-1}]: NaN
kafka.metricMetricName [name=records-per-request-avg, group=producer-metrics, description=The average number of records per request., tags={client-id=producer-1}]: NaN
kafka.metricMetricName [name=request-size-avg, group=producer-metrics, description=The average size of all requests in the window.., tags={client-id=producer-1}]: NaN
kafka.metricMetricName [name=record-retry-rate, group=producer-metrics, description=The average per-second number of retried record sends, tags={client-id=producer-1}]: NaN
kafka.metricMetricName [name=request-latency-max, group=producer-metrics, description=The maximum request latency in ms, tags={client-id=producer-1}]: -Infinity
kafka.metricMetricName [name=batch-size-avg, group=producer-metrics, description=The average number of bytes sent per partition per-request., tags={client-id=producer-1}]: NaN
kafka.metricMetricName [name=record-send-rate, group=producer-metrics, description=The average number of records sent per second., tags={client-id=producer-1}]: NaN
kafka.metricMetricName [name=batch-size-max, group=producer-metrics, description=The max number of bytes sent per partition per-request., tags={client-id=producer-1}]: -Infinity
kafka.metricMetricName [name=record-queue-time-max, group=producer-metrics, description=The maximum time in ms record batches spent in the record accumulator., tags={client-id=producer-1}]: -Infinity
kafka.metricMetricName [name=io-wait-time-ns-avg, group=producer-metrics, description=The average length of time the I/O thread spent waiting for a socket ready for reads or writes in nanoseconds., tags={client-id=producer-1}]: NaN
kafka.metricMetricName [name=requests-in-flight, group=producer-metrics, description=The current number of in-flight requests awaiting a response., tags={client-id=producer-1}]: 0.0

[DEBUG] 2016-07-13 16:09:41.841 [main] BundleFactory - Bundle for RU
[DEBUG] 2016-07-13 16:09:41.857 [main] BundleFactory - Bundle for RU
[DEBUG] 2016-07-13 16:10:15.675 [main] BundleFactory - Bundle for RU
[DEBUG] 2016-07-13 16:10:15.691 [main] BundleFactory - Bundle for RU
[DEBUG] 2016-07-13 16:10:40.201 [main] BundleFactory - Bundle for RU
[DEBUG] 2016-07-13 16:10:40.201 [main] BundleFactory - Bundle for RU
[DEBUG] 2016-07-13 16:10:40.295 [main] KafkaProducerNew - Metriks on Start: kafka.metricMetricName [name=incoming-byte-rate, group=producer-metrics, description=Bytes/second read off all sockets, tags={client-id=producer-1}]: NaN
kafka.metricMetricName [name=connection-count, group=producer-metrics, description=The current number of active connections., tags={client-id=producer-1}]: 0.0
kafka.metricMetricName [name=metadata-age, group=producer-metrics, description=The age in seconds of the current producer metadata being used., tags={client-id=producer-1}]: 0.031
kafka.metricMetricName [name=waiting-threads, group=producer-metrics, description=The number of user threads blocked waiting for buffer memory to enqueue their records, tags={client-id=producer-1}]: 0.0
kafka.metricMetricName [name=request-size-max, group=producer-metrics, description=The maximum size of any request sent in the window., tags={client-id=producer-1}]: -Infinity
kafka.metricMetricName [name=select-rate, group=producer-metrics, description=Number of times the I/O layer checked for new I/O to perform per second, tags={client-id=producer-1}]: NaN
kafka.metricMetricName [name=outgoing-byte-rate, group=producer-metrics, description=The average number of outgoing bytes sent per second to all servers., tags={client-id=producer-1}]: NaN
kafka.metricMetricName [name=record-error-rate, group=producer-metrics, description=The average per-second number of record sends that resulted in errors, tags={client-id=producer-1}]: NaN
kafka.metricMetricName [name=response-rate, group=producer-metrics, description=Responses received sent per second., tags={client-id=producer-1}]: NaN
kafka.metricMetricName [name=request-latency-avg, group=producer-metrics, description=The average request latency in ms, tags={client-id=producer-1}]: NaN
kafka.metricMetricName [name=record-queue-time-avg, group=producer-metrics, description=The average time in ms record batches spent in the record accumulator., tags={client-id=producer-1}]: NaN
kafka.metricMetricName [name=io-ratio, group=producer-metrics, description=The fraction of time the I/O thread spent doing I/O, tags={client-id=producer-1}]: NaN
kafka.metricMetricName [name=buffer-available-bytes, group=producer-metrics, description=The total amount of buffer memory that is not being used (either unallocated or in the free list)., tags={client-id=producer-1}]: 3.3554432E7
kafka.metricMetricName [name=io-wait-ratio, group=producer-metrics, description=The fraction of time the I/O thread spent waiting., tags={client-id=producer-1}]: NaN
kafka.metricMetricName [name=record-size-max, group=producer-metrics, description=The maximum record size, tags={client-id=producer-1}]: -Infinity
kafka.metricMetricName [name=network-io-rate, group=producer-metrics, description=The average number of network operations (reads or writes) on all connections per second., tags={client-id=producer-1}]: NaN
kafka.metricMetricName [name=record-size-avg, group=producer-metrics, description=The average record size, tags={client-id=producer-1}]: NaN
kafka.metricMetricName [name=buffer-total-bytes, group=producer-metrics, description=The maximum amount of buffer memory the client can use (whether or not it is currently used)., tags={client-id=producer-1}]: 3.3554432E7
kafka.metricMetricName [name=compression-rate-avg, group=producer-metrics, description=The average compression rate of record batches., tags={client-id=producer-1}]: NaN
kafka.metricMetricName [name=io-time-ns-avg, group=producer-metrics, description=The average length of time for I/O per select call in nanoseconds., tags={client-id=producer-1}]: NaN
kafka.metricMetricName [name=connection-close-rate, group=producer-metrics, description=Connections closed per second in the window., tags={client-id=producer-1}]: NaN
kafka.metricMetricName [name=request-rate, group=producer-metrics, description=The average number of requests sent per second., tags={client-id=producer-1}]: NaN
kafka.metricMetricName [name=connection-creation-rate, group=producer-metrics, description=New connections established per second in the window., tags={client-id=producer-1}]: NaN
kafka.metricMetricName [name=bufferpool-wait-ratio, group=producer-metrics, description=The fraction of time an appender waits for space allocation., tags={client-id=producer-1}]: NaN
kafka.metricMetricName [name=records-per-request-avg, group=producer-metrics, description=The average number of records per request., tags={client-id=producer-1}]: NaN
kafka.metricMetricName [name=request-size-avg, group=producer-metrics, description=The average size of all requests in the window.., tags={client-id=producer-1}]: NaN
kafka.metricMetricName [name=record-retry-rate, group=producer-metrics, description=The average per-second number of retried record sends, tags={client-id=producer-1}]: NaN
kafka.metricMetricName [name=request-latency-max, group=producer-metrics, description=The maximum request latency in ms, tags={client-id=producer-1}]: -Infinity
kafka.metricMetricName [name=batch-size-avg, group=producer-metrics, description=The average number of bytes sent per partition per-request., tags={client-id=producer-1}]: NaN
kafka.metricMetricName [name=record-send-rate, group=producer-metrics, description=The average number of records sent per second., tags={client-id=producer-1}]: NaN
kafka.metricMetricName [name=batch-size-max, group=producer-metrics, description=The max number of bytes sent per partition per-request., tags={client-id=producer-1}]: -Infinity
kafka.metricMetricName [name=record-queue-time-max, group=producer-metrics, description=The maximum time in ms record batches spent in the record accumulator., tags={client-id=producer-1}]: -Infinity
kafka.metricMetricName [name=io-wait-time-ns-avg, group=producer-metrics, description=The average length of time the I/O thread spent waiting for a socket ready for reads or writes in nanoseconds., tags={client-id=producer-1}]: NaN
kafka.metricMetricName [name=requests-in-flight, group=producer-metrics, description=The current number of in-flight requests awaiting a response., tags={client-id=producer-1}]: 0.0

[DEBUG] 2016-07-13 16:10:40.295 [main] KafkaProducerNew - Send message [B@11244593
[DEBUG] 2016-07-13 16:12:55.908 [main] BundleFactory - Bundle for RU
[DEBUG] 2016-07-13 16:12:55.924 [main] BundleFactory - Bundle for RU
[DEBUG] 2016-07-13 16:13:39.932 [main] BundleFactory - Bundle for RU
[DEBUG] 2016-07-13 16:13:39.947 [main] BundleFactory - Bundle for RU
[DEBUG] 2016-07-13 16:13:40.041 [main] KafkaProducerNew - Metriks on Start: kafka.metricMetricName [name=incoming-byte-rate, group=producer-metrics, description=Bytes/second read off all sockets, tags={client-id=producer-1}]: NaN
kafka.metricMetricName [name=connection-count, group=producer-metrics, description=The current number of active connections., tags={client-id=producer-1}]: 0.0
kafka.metricMetricName [name=metadata-age, group=producer-metrics, description=The age in seconds of the current producer metadata being used., tags={client-id=producer-1}]: 0.031
kafka.metricMetricName [name=waiting-threads, group=producer-metrics, description=The number of user threads blocked waiting for buffer memory to enqueue their records, tags={client-id=producer-1}]: 0.0
kafka.metricMetricName [name=request-size-max, group=producer-metrics, description=The maximum size of any request sent in the window., tags={client-id=producer-1}]: -Infinity
kafka.metricMetricName [name=select-rate, group=producer-metrics, description=Number of times the I/O layer checked for new I/O to perform per second, tags={client-id=producer-1}]: NaN
kafka.metricMetricName [name=outgoing-byte-rate, group=producer-metrics, description=The average number of outgoing bytes sent per second to all servers., tags={client-id=producer-1}]: NaN
kafka.metricMetricName [name=record-error-rate, group=producer-metrics, description=The average per-second number of record sends that resulted in errors, tags={client-id=producer-1}]: NaN
kafka.metricMetricName [name=response-rate, group=producer-metrics, description=Responses received sent per second., tags={client-id=producer-1}]: NaN
kafka.metricMetricName [name=request-latency-avg, group=producer-metrics, description=The average request latency in ms, tags={client-id=producer-1}]: NaN
kafka.metricMetricName [name=record-queue-time-avg, group=producer-metrics, description=The average time in ms record batches spent in the record accumulator., tags={client-id=producer-1}]: NaN
kafka.metricMetricName [name=io-ratio, group=producer-metrics, description=The fraction of time the I/O thread spent doing I/O, tags={client-id=producer-1}]: NaN
kafka.metricMetricName [name=buffer-available-bytes, group=producer-metrics, description=The total amount of buffer memory that is not being used (either unallocated or in the free list)., tags={client-id=producer-1}]: 3.3554432E7
kafka.metricMetricName [name=io-wait-ratio, group=producer-metrics, description=The fraction of time the I/O thread spent waiting., tags={client-id=producer-1}]: NaN
kafka.metricMetricName [name=record-size-max, group=producer-metrics, description=The maximum record size, tags={client-id=producer-1}]: -Infinity
kafka.metricMetricName [name=network-io-rate, group=producer-metrics, description=The average number of network operations (reads or writes) on all connections per second., tags={client-id=producer-1}]: NaN
kafka.metricMetricName [name=record-size-avg, group=producer-metrics, description=The average record size, tags={client-id=producer-1}]: NaN
kafka.metricMetricName [name=buffer-total-bytes, group=producer-metrics, description=The maximum amount of buffer memory the client can use (whether or not it is currently used)., tags={client-id=producer-1}]: 3.3554432E7
kafka.metricMetricName [name=compression-rate-avg, group=producer-metrics, description=The average compression rate of record batches., tags={client-id=producer-1}]: NaN
kafka.metricMetricName [name=io-time-ns-avg, group=producer-metrics, description=The average length of time for I/O per select call in nanoseconds., tags={client-id=producer-1}]: NaN
kafka.metricMetricName [name=connection-close-rate, group=producer-metrics, description=Connections closed per second in the window., tags={client-id=producer-1}]: NaN
kafka.metricMetricName [name=request-rate, group=producer-metrics, description=The average number of requests sent per second., tags={client-id=producer-1}]: NaN
kafka.metricMetricName [name=connection-creation-rate, group=producer-metrics, description=New connections established per second in the window., tags={client-id=producer-1}]: NaN
kafka.metricMetricName [name=bufferpool-wait-ratio, group=producer-metrics, description=The fraction of time an appender waits for space allocation., tags={client-id=producer-1}]: NaN
kafka.metricMetricName [name=records-per-request-avg, group=producer-metrics, description=The average number of records per request., tags={client-id=producer-1}]: NaN
kafka.metricMetricName [name=request-size-avg, group=producer-metrics, description=The average size of all requests in the window.., tags={client-id=producer-1}]: NaN
kafka.metricMetricName [name=record-retry-rate, group=producer-metrics, description=The average per-second number of retried record sends, tags={client-id=producer-1}]: NaN
kafka.metricMetricName [name=request-latency-max, group=producer-metrics, description=The maximum request latency in ms, tags={client-id=producer-1}]: -Infinity
kafka.metricMetricName [name=batch-size-avg, group=producer-metrics, description=The average number of bytes sent per partition per-request., tags={client-id=producer-1}]: NaN
kafka.metricMetricName [name=record-send-rate, group=producer-metrics, description=The average number of records sent per second., tags={client-id=producer-1}]: NaN
kafka.metricMetricName [name=batch-size-max, group=producer-metrics, description=The max number of bytes sent per partition per-request., tags={client-id=producer-1}]: -Infinity
kafka.metricMetricName [name=record-queue-time-max, group=producer-metrics, description=The maximum time in ms record batches spent in the record accumulator., tags={client-id=producer-1}]: -Infinity
kafka.metricMetricName [name=io-wait-time-ns-avg, group=producer-metrics, description=The average length of time the I/O thread spent waiting for a socket ready for reads or writes in nanoseconds., tags={client-id=producer-1}]: NaN
kafka.metricMetricName [name=requests-in-flight, group=producer-metrics, description=The current number of in-flight requests awaiting a response., tags={client-id=producer-1}]: 0.0

[DEBUG] 2016-07-13 16:13:40.041 [main] KafkaProducerNew - Send message [B@93bf890
[DEBUG] 2016-07-13 16:18:40.709 [main] BundleFactory - Bundle for RU
[DEBUG] 2016-07-13 16:18:40.725 [main] BundleFactory - Bundle for RU
[DEBUG] 2016-07-13 16:18:40.803 [main] KafkaProducerNew - Metriks on Start: kafka.metricMetricName [name=incoming-byte-rate, group=producer-metrics, description=Bytes/second read off all sockets, tags={client-id=producer-1}]: NaN
kafka.metricMetricName [name=connection-count, group=producer-metrics, description=The current number of active connections., tags={client-id=producer-1}]: 0.0
kafka.metricMetricName [name=metadata-age, group=producer-metrics, description=The age in seconds of the current producer metadata being used., tags={client-id=producer-1}]: 0.016
kafka.metricMetricName [name=waiting-threads, group=producer-metrics, description=The number of user threads blocked waiting for buffer memory to enqueue their records, tags={client-id=producer-1}]: 0.0
kafka.metricMetricName [name=request-size-max, group=producer-metrics, description=The maximum size of any request sent in the window., tags={client-id=producer-1}]: -Infinity
kafka.metricMetricName [name=select-rate, group=producer-metrics, description=Number of times the I/O layer checked for new I/O to perform per second, tags={client-id=producer-1}]: NaN
kafka.metricMetricName [name=outgoing-byte-rate, group=producer-metrics, description=The average number of outgoing bytes sent per second to all servers., tags={client-id=producer-1}]: NaN
kafka.metricMetricName [name=record-error-rate, group=producer-metrics, description=The average per-second number of record sends that resulted in errors, tags={client-id=producer-1}]: NaN
kafka.metricMetricName [name=response-rate, group=producer-metrics, description=Responses received sent per second., tags={client-id=producer-1}]: NaN
kafka.metricMetricName [name=request-latency-avg, group=producer-metrics, description=The average request latency in ms, tags={client-id=producer-1}]: NaN
kafka.metricMetricName [name=record-queue-time-avg, group=producer-metrics, description=The average time in ms record batches spent in the record accumulator., tags={client-id=producer-1}]: NaN
kafka.metricMetricName [name=io-ratio, group=producer-metrics, description=The fraction of time the I/O thread spent doing I/O, tags={client-id=producer-1}]: NaN
kafka.metricMetricName [name=buffer-available-bytes, group=producer-metrics, description=The total amount of buffer memory that is not being used (either unallocated or in the free list)., tags={client-id=producer-1}]: 3.3554432E7
kafka.metricMetricName [name=io-wait-ratio, group=producer-metrics, description=The fraction of time the I/O thread spent waiting., tags={client-id=producer-1}]: NaN
kafka.metricMetricName [name=record-size-max, group=producer-metrics, description=The maximum record size, tags={client-id=producer-1}]: -Infinity
kafka.metricMetricName [name=network-io-rate, group=producer-metrics, description=The average number of network operations (reads or writes) on all connections per second., tags={client-id=producer-1}]: NaN
kafka.metricMetricName [name=record-size-avg, group=producer-metrics, description=The average record size, tags={client-id=producer-1}]: NaN
kafka.metricMetricName [name=buffer-total-bytes, group=producer-metrics, description=The maximum amount of buffer memory the client can use (whether or not it is currently used)., tags={client-id=producer-1}]: 3.3554432E7
kafka.metricMetricName [name=compression-rate-avg, group=producer-metrics, description=The average compression rate of record batches., tags={client-id=producer-1}]: NaN
kafka.metricMetricName [name=io-time-ns-avg, group=producer-metrics, description=The average length of time for I/O per select call in nanoseconds., tags={client-id=producer-1}]: NaN
kafka.metricMetricName [name=connection-close-rate, group=producer-metrics, description=Connections closed per second in the window., tags={client-id=producer-1}]: NaN
kafka.metricMetricName [name=request-rate, group=producer-metrics, description=The average number of requests sent per second., tags={client-id=producer-1}]: NaN
kafka.metricMetricName [name=connection-creation-rate, group=producer-metrics, description=New connections established per second in the window., tags={client-id=producer-1}]: NaN
kafka.metricMetricName [name=bufferpool-wait-ratio, group=producer-metrics, description=The fraction of time an appender waits for space allocation., tags={client-id=producer-1}]: NaN
kafka.metricMetricName [name=records-per-request-avg, group=producer-metrics, description=The average number of records per request., tags={client-id=producer-1}]: NaN
kafka.metricMetricName [name=request-size-avg, group=producer-metrics, description=The average size of all requests in the window.., tags={client-id=producer-1}]: NaN
kafka.metricMetricName [name=record-retry-rate, group=producer-metrics, description=The average per-second number of retried record sends, tags={client-id=producer-1}]: NaN
kafka.metricMetricName [name=request-latency-max, group=producer-metrics, description=The maximum request latency in ms, tags={client-id=producer-1}]: -Infinity
kafka.metricMetricName [name=batch-size-avg, group=producer-metrics, description=The average number of bytes sent per partition per-request., tags={client-id=producer-1}]: NaN
kafka.metricMetricName [name=record-send-rate, group=producer-metrics, description=The average number of records sent per second., tags={client-id=producer-1}]: NaN
kafka.metricMetricName [name=batch-size-max, group=producer-metrics, description=The max number of bytes sent per partition per-request., tags={client-id=producer-1}]: -Infinity
kafka.metricMetricName [name=record-queue-time-max, group=producer-metrics, description=The maximum time in ms record batches spent in the record accumulator., tags={client-id=producer-1}]: -Infinity
kafka.metricMetricName [name=io-wait-time-ns-avg, group=producer-metrics, description=The average length of time the I/O thread spent waiting for a socket ready for reads or writes in nanoseconds., tags={client-id=producer-1}]: NaN
kafka.metricMetricName [name=requests-in-flight, group=producer-metrics, description=The current number of in-flight requests awaiting a response., tags={client-id=producer-1}]: 0.0

[DEBUG] 2016-07-13 16:18:40.803 [main] KafkaProducerNew - Send message [B@71babf8
